{"D:\\projects\\etaxes\\app\\submit.tsx": {"path":"D:\\projects\\etaxes\\app\\submit.tsx","statementMap":{"0":{"start":{"line":30,"column":17},"end":{"line":30,"column":28}},"1":{"start":{"line":31,"column":17},"end":{"line":31,"column":34}},"2":{"start":{"line":32,"column":26},"end":{"line":32,"column":88}},"3":{"start":{"line":34,"column":26},"end":{"line":34,"column":80}},"4":{"start":{"line":35,"column":30},"end":{"line":35,"column":86}},"5":{"start":{"line":36,"column":24},"end":{"line":36,"column":78}},"6":{"start":{"line":37,"column":26},"end":{"line":37,"column":93}},"7":{"start":{"line":38,"column":40},"end":{"line":38,"column":66}},"8":{"start":{"line":39,"column":38},"end":{"line":39,"column":67}},"9":{"start":{"line":40,"column":30},"end":{"line":40,"column":45}},"10":{"start":{"line":42,"column":23},"end":{"line":45,"column":8}},"11":{"start":{"line":44,"column":4},"end":{"line":44,"column":52}},"12":{"start":{"line":48,"column":4},"end":{"line":48,"column":44}},"13":{"start":{"line":52,"column":4},"end":{"line":66,"column":5}},"14":{"start":{"line":53,"column":18},"end":{"line":53,"column":87}},"15":{"start":{"line":54,"column":6},"end":{"line":62,"column":7}},"16":{"start":{"line":55,"column":33},"end":{"line":60,"column":9}},"17":{"start":{"line":61,"column":8},"end":{"line":61,"column":48}},"18":{"start":{"line":61,"column":31},"end":{"line":61,"column":46}},"19":{"start":{"line":64,"column":6},"end":{"line":64,"column":40}},"20":{"start":{"line":65,"column":6},"end":{"line":65,"column":79}},"21":{"start":{"line":70,"column":4},"end":{"line":70,"column":41}},"22":{"start":{"line":71,"column":4},"end":{"line":71,"column":94}},"23":{"start":{"line":75,"column":4},"end":{"line":78,"column":5}},"24":{"start":{"line":76,"column":6},"end":{"line":76,"column":61}},"25":{"start":{"line":77,"column":6},"end":{"line":77,"column":19}},"26":{"start":{"line":79,"column":4},"end":{"line":82,"column":5}},"27":{"start":{"line":80,"column":6},"end":{"line":80,"column":55}},"28":{"start":{"line":81,"column":6},"end":{"line":81,"column":19}},"29":{"start":{"line":83,"column":4},"end":{"line":86,"column":5}},"30":{"start":{"line":84,"column":6},"end":{"line":84,"column":68}},"31":{"start":{"line":85,"column":6},"end":{"line":85,"column":19}},"32":{"start":{"line":87,"column":4},"end":{"line":90,"column":5}},"33":{"start":{"line":88,"column":6},"end":{"line":88,"column":59}},"34":{"start":{"line":89,"column":6},"end":{"line":89,"column":19}},"35":{"start":{"line":91,"column":4},"end":{"line":94,"column":5}},"36":{"start":{"line":92,"column":6},"end":{"line":92,"column":53}},"37":{"start":{"line":93,"column":6},"end":{"line":93,"column":19}},"38":{"start":{"line":95,"column":4},"end":{"line":98,"column":5}},"39":{"start":{"line":96,"column":6},"end":{"line":96,"column":57}},"40":{"start":{"line":97,"column":6},"end":{"line":97,"column":19}},"41":{"start":{"line":99,"column":4},"end":{"line":99,"column":16}},"42":{"start":{"line":104,"column":4},"end":{"line":122,"column":6}},"43":{"start":{"line":118,"column":41},"end":{"line":118,"column":69}},"44":{"start":{"line":126,"column":4},"end":{"line":126,"column":31}},"45":{"start":{"line":126,"column":24},"end":{"line":126,"column":31}},"46":{"start":{"line":127,"column":20},"end":{"line":127,"column":45}},"47":{"start":{"line":128,"column":4},"end":{"line":138,"column":5}},"48":{"start":{"line":129,"column":18},"end":{"line":129,"column":41}},"49":{"start":{"line":130,"column":6},"end":{"line":130,"column":25}},"50":{"start":{"line":132,"column":19},"end":{"line":132,"column":78}},"51":{"start":{"line":133,"column":6},"end":{"line":133,"column":97}},"52":{"start":{"line":134,"column":6},"end":{"line":134,"column":117}},"53":{"start":{"line":136,"column":6},"end":{"line":136,"column":47}},"54":{"start":{"line":137,"column":6},"end":{"line":137,"column":78}},"55":{"start":{"line":142,"column":4},"end":{"line":145,"column":5}},"56":{"start":{"line":143,"column":6},"end":{"line":143,"column":83}},"57":{"start":{"line":144,"column":6},"end":{"line":144,"column":13}},"58":{"start":{"line":146,"column":21},"end":{"line":146,"column":66}},"59":{"start":{"line":147,"column":17},"end":{"line":147,"column":61}},"60":{"start":{"line":148,"column":4},"end":{"line":148,"column":102}},"61":{"start":{"line":149,"column":4},"end":{"line":149,"column":107}},"62":{"start":{"line":154,"column":4},"end":{"line":154,"column":31}},"63":{"start":{"line":154,"column":24},"end":{"line":154,"column":31}},"64":{"start":{"line":155,"column":20},"end":{"line":155,"column":45}},"65":{"start":{"line":156,"column":16},"end":{"line":156,"column":39}},"66":{"start":{"line":158,"column":16},"end":{"line":158,"column":28}},"67":{"start":{"line":159,"column":4},"end":{"line":161,"column":7}},"68":{"start":{"line":160,"column":6},"end":{"line":160,"column":79}},"69":{"start":{"line":165,"column":4},"end":{"line":165,"column":31}},"70":{"start":{"line":165,"column":24},"end":{"line":165,"column":31}},"71":{"start":{"line":166,"column":4},"end":{"line":166,"column":20}},"72":{"start":{"line":167,"column":4},"end":{"line":190,"column":5}},"73":{"start":{"line":168,"column":22},"end":{"line":168,"column":47}},"74":{"start":{"line":169,"column":18},"end":{"line":169,"column":41}},"75":{"start":{"line":171,"column":20},"end":{"line":181,"column":7}},"76":{"start":{"line":182,"column":6},"end":{"line":182,"column":38}},"77":{"start":{"line":183,"column":6},"end":{"line":183,"column":104}},"78":{"start":{"line":184,"column":6},"end":{"line":184,"column":20}},"79":{"start":{"line":186,"column":6},"end":{"line":186,"column":40}},"80":{"start":{"line":187,"column":6},"end":{"line":187,"column":75}},"81":{"start":{"line":189,"column":6},"end":{"line":189,"column":23}},"82":{"start":{"line":193,"column":2},"end":{"line":266,"column":4}},"83":{"start":{"line":215,"column":72},"end":{"line":215,"column":93}},"84":{"start":{"line":219,"column":12},"end":{"line":220,"column":66}},"85":{"start":{"line":219,"column":36},"end":{"line":219,"column":73}},"86":{"start":{"line":220,"column":17},"end":{"line":220,"column":66}},"87":{"start":{"line":235,"column":8},"end":{"line":237,"column":15}}},"fnMap":{"0":{"name":"SubmitScreen","decl":{"start":{"line":29,"column":24},"end":{"line":29,"column":36}},"loc":{"start":{"line":29,"column":39},"end":{"line":267,"column":1}},"line":29},"1":{"name":"(anonymous_1)","decl":{"start":{"line":42,"column":31},"end":{"line":42,"column":32}},"loc":{"start":{"line":42,"column":37},"end":{"line":45,"column":3}},"line":42},"2":{"name":"showError","decl":{"start":{"line":47,"column":11},"end":{"line":47,"column":20}},"loc":{"start":{"line":47,"column":34},"end":{"line":49,"column":3}},"line":47},"3":{"name":"pickAttachment","decl":{"start":{"line":51,"column":17},"end":{"line":51,"column":31}},"loc":{"start":{"line":51,"column":34},"end":{"line":67,"column":3}},"line":51},"4":{"name":"(anonymous_4)","decl":{"start":{"line":61,"column":23},"end":{"line":61,"column":24}},"loc":{"start":{"line":61,"column":31},"end":{"line":61,"column":46}},"line":61},"5":{"name":"copyToClipboard","decl":{"start":{"line":69,"column":17},"end":{"line":69,"column":32}},"loc":{"start":{"line":69,"column":47},"end":{"line":72,"column":3}},"line":69},"6":{"name":"validateAll","decl":{"start":{"line":74,"column":11},"end":{"line":74,"column":22}},"loc":{"start":{"line":74,"column":34},"end":{"line":100,"column":3}},"line":74},"7":{"name":"buildDeclarationPayload","decl":{"start":{"line":102,"column":11},"end":{"line":102,"column":34}},"loc":{"start":{"line":102,"column":37},"end":{"line":123,"column":3}},"line":102},"8":{"name":"(anonymous_8)","decl":{"start":{"line":118,"column":35},"end":{"line":118,"column":36}},"loc":{"start":{"line":118,"column":41},"end":{"line":118,"column":69}},"line":118},"9":{"name":"onGenerateXml","decl":{"start":{"line":125,"column":17},"end":{"line":125,"column":30}},"loc":{"start":{"line":125,"column":33},"end":{"line":139,"column":3}},"line":125},"10":{"name":"onDownloadXml","decl":{"start":{"line":141,"column":17},"end":{"line":141,"column":30}},"loc":{"start":{"line":141,"column":33},"end":{"line":151,"column":3}},"line":141},"11":{"name":"onOpenNapPortal","decl":{"start":{"line":153,"column":17},"end":{"line":153,"column":32}},"loc":{"start":{"line":153,"column":35},"end":{"line":162,"column":3}},"line":153},"12":{"name":"(anonymous_12)","decl":{"start":{"line":159,"column":31},"end":{"line":159,"column":32}},"loc":{"start":{"line":159,"column":37},"end":{"line":161,"column":5}},"line":159},"13":{"name":"onSaveToArchive","decl":{"start":{"line":164,"column":17},"end":{"line":164,"column":32}},"loc":{"start":{"line":164,"column":35},"end":{"line":191,"column":3}},"line":164},"14":{"name":"(anonymous_14)","decl":{"start":{"line":215,"column":66},"end":{"line":215,"column":67}},"loc":{"start":{"line":215,"column":72},"end":{"line":215,"column":93}},"line":215},"15":{"name":"(anonymous_15)","decl":{"start":{"line":218,"column":19},"end":{"line":218,"column":20}},"loc":{"start":{"line":218,"column":25},"end":{"line":221,"column":11}},"line":218},"16":{"name":"(anonymous_16)","decl":{"start":{"line":234,"column":23},"end":{"line":234,"column":24}},"loc":{"start":{"line":235,"column":8},"end":{"line":237,"column":15}},"line":235}},"branchMap":{"0":{"loc":{"start":{"line":32,"column":26},"end":{"line":32,"column":88}},"type":"binary-expr","locations":[{"start":{"line":32,"column":27},"end":{"line":32,"column":41}},{"start":{"line":32,"column":45},"end":{"line":32,"column":79}},{"start":{"line":32,"column":84},"end":{"line":32,"column":88}}],"line":32},"1":{"loc":{"start":{"line":34,"column":43},"end":{"line":34,"column":79}},"type":"binary-expr","locations":[{"start":{"line":34,"column":43},"end":{"line":34,"column":73}},{"start":{"line":34,"column":77},"end":{"line":34,"column":79}}],"line":34},"2":{"loc":{"start":{"line":35,"column":47},"end":{"line":35,"column":85}},"type":"binary-expr","locations":[{"start":{"line":35,"column":47},"end":{"line":35,"column":79}},{"start":{"line":35,"column":83},"end":{"line":35,"column":85}}],"line":35},"3":{"loc":{"start":{"line":36,"column":41},"end":{"line":36,"column":77}},"type":"binary-expr","locations":[{"start":{"line":36,"column":41},"end":{"line":36,"column":71}},{"start":{"line":36,"column":75},"end":{"line":36,"column":77}}],"line":36},"4":{"loc":{"start":{"line":37,"column":43},"end":{"line":37,"column":92}},"type":"binary-expr","locations":[{"start":{"line":37,"column":43},"end":{"line":37,"column":64}},{"start":{"line":37,"column":68},"end":{"line":37,"column":92}}],"line":37},"5":{"loc":{"start":{"line":48,"column":16},"end":{"line":48,"column":37}},"type":"binary-expr","locations":[{"start":{"line":48,"column":16},"end":{"line":48,"column":26}},{"start":{"line":48,"column":30},"end":{"line":48,"column":37}}],"line":48},"6":{"loc":{"start":{"line":54,"column":6},"end":{"line":62,"column":7}},"type":"if","locations":[{"start":{"line":54,"column":6},"end":{"line":62,"column":7}},{"start":{},"end":{}}],"line":54},"7":{"loc":{"start":{"line":65,"column":16},"end":{"line":65,"column":77}},"type":"binary-expr","locations":[{"start":{"line":65,"column":16},"end":{"line":65,"column":43}},{"start":{"line":65,"column":47},"end":{"line":65,"column":77}}],"line":65},"8":{"loc":{"start":{"line":71,"column":16},"end":{"line":71,"column":41}},"type":"binary-expr","locations":[{"start":{"line":71,"column":16},"end":{"line":71,"column":27}},{"start":{"line":71,"column":31},"end":{"line":71,"column":41}}],"line":71},"9":{"loc":{"start":{"line":71,"column":43},"end":{"line":71,"column":92}},"type":"binary-expr","locations":[{"start":{"line":71,"column":43},"end":{"line":71,"column":67}},{"start":{"line":71,"column":71},"end":{"line":71,"column":92}}],"line":71},"10":{"loc":{"start":{"line":75,"column":4},"end":{"line":78,"column":5}},"type":"if","locations":[{"start":{"line":75,"column":4},"end":{"line":78,"column":5}},{"start":{},"end":{}}],"line":75},"11":{"loc":{"start":{"line":76,"column":16},"end":{"line":76,"column":59}},"type":"binary-expr","locations":[{"start":{"line":76,"column":16},"end":{"line":76,"column":34}},{"start":{"line":76,"column":38},"end":{"line":76,"column":59}}],"line":76},"12":{"loc":{"start":{"line":79,"column":4},"end":{"line":82,"column":5}},"type":"if","locations":[{"start":{"line":79,"column":4},"end":{"line":82,"column":5}},{"start":{},"end":{}}],"line":79},"13":{"loc":{"start":{"line":80,"column":16},"end":{"line":80,"column":53}},"type":"binary-expr","locations":[{"start":{"line":80,"column":16},"end":{"line":80,"column":33}},{"start":{"line":80,"column":37},"end":{"line":80,"column":53}}],"line":80},"14":{"loc":{"start":{"line":83,"column":4},"end":{"line":86,"column":5}},"type":"if","locations":[{"start":{"line":83,"column":4},"end":{"line":86,"column":5}},{"start":{},"end":{}}],"line":83},"15":{"loc":{"start":{"line":84,"column":16},"end":{"line":84,"column":66}},"type":"binary-expr","locations":[{"start":{"line":84,"column":16},"end":{"line":84,"column":36}},{"start":{"line":84,"column":40},"end":{"line":84,"column":66}}],"line":84},"16":{"loc":{"start":{"line":87,"column":4},"end":{"line":90,"column":5}},"type":"if","locations":[{"start":{"line":87,"column":4},"end":{"line":90,"column":5}},{"start":{},"end":{}}],"line":87},"17":{"loc":{"start":{"line":88,"column":16},"end":{"line":88,"column":57}},"type":"binary-expr","locations":[{"start":{"line":88,"column":16},"end":{"line":88,"column":33}},{"start":{"line":88,"column":37},"end":{"line":88,"column":57}}],"line":88},"18":{"loc":{"start":{"line":91,"column":4},"end":{"line":94,"column":5}},"type":"if","locations":[{"start":{"line":91,"column":4},"end":{"line":94,"column":5}},{"start":{},"end":{}}],"line":91},"19":{"loc":{"start":{"line":92,"column":16},"end":{"line":92,"column":51}},"type":"binary-expr","locations":[{"start":{"line":92,"column":16},"end":{"line":92,"column":32}},{"start":{"line":92,"column":36},"end":{"line":92,"column":51}}],"line":92},"20":{"loc":{"start":{"line":95,"column":4},"end":{"line":98,"column":5}},"type":"if","locations":[{"start":{"line":95,"column":4},"end":{"line":98,"column":5}},{"start":{},"end":{}}],"line":95},"21":{"loc":{"start":{"line":96,"column":16},"end":{"line":96,"column":55}},"type":"binary-expr","locations":[{"start":{"line":96,"column":16},"end":{"line":96,"column":33}},{"start":{"line":96,"column":37},"end":{"line":96,"column":55}}],"line":96},"22":{"loc":{"start":{"line":119,"column":14},"end":{"line":119,"column":43}},"type":"binary-expr","locations":[{"start":{"line":119,"column":14},"end":{"line":119,"column":37}},{"start":{"line":119,"column":41},"end":{"line":119,"column":43}}],"line":119},"23":{"loc":{"start":{"line":120,"column":18},"end":{"line":120,"column":51}},"type":"binary-expr","locations":[{"start":{"line":120,"column":18},"end":{"line":120,"column":45}},{"start":{"line":120,"column":49},"end":{"line":120,"column":51}}],"line":120},"24":{"loc":{"start":{"line":121,"column":14},"end":{"line":121,"column":43}},"type":"binary-expr","locations":[{"start":{"line":121,"column":14},"end":{"line":121,"column":37}},{"start":{"line":121,"column":41},"end":{"line":121,"column":43}}],"line":121},"25":{"loc":{"start":{"line":126,"column":4},"end":{"line":126,"column":31}},"type":"if","locations":[{"start":{"line":126,"column":4},"end":{"line":126,"column":31}},{"start":{},"end":{}}],"line":126},"26":{"loc":{"start":{"line":134,"column":18},"end":{"line":134,"column":55}},"type":"binary-expr","locations":[{"start":{"line":134,"column":18},"end":{"line":134,"column":36}},{"start":{"line":134,"column":40},"end":{"line":134,"column":55}}],"line":134},"27":{"loc":{"start":{"line":134,"column":57},"end":{"line":134,"column":115}},"type":"binary-expr","locations":[{"start":{"line":134,"column":57},"end":{"line":134,"column":77}},{"start":{"line":134,"column":81},"end":{"line":134,"column":115}}],"line":134},"28":{"loc":{"start":{"line":137,"column":16},"end":{"line":137,"column":76}},"type":"binary-expr","locations":[{"start":{"line":137,"column":16},"end":{"line":137,"column":42}},{"start":{"line":137,"column":46},"end":{"line":137,"column":76}}],"line":137},"29":{"loc":{"start":{"line":142,"column":4},"end":{"line":145,"column":5}},"type":"if","locations":[{"start":{"line":142,"column":4},"end":{"line":145,"column":5}},{"start":{},"end":{}}],"line":142},"30":{"loc":{"start":{"line":143,"column":16},"end":{"line":143,"column":81}},"type":"binary-expr","locations":[{"start":{"line":143,"column":16},"end":{"line":143,"column":27}},{"start":{"line":143,"column":31},"end":{"line":143,"column":81}}],"line":143},"31":{"loc":{"start":{"line":146,"column":44},"end":{"line":146,"column":60}},"type":"binary-expr","locations":[{"start":{"line":146,"column":44},"end":{"line":146,"column":47}},{"start":{"line":146,"column":51},"end":{"line":146,"column":60}}],"line":146},"32":{"loc":{"start":{"line":149,"column":16},"end":{"line":149,"column":47}},"type":"binary-expr","locations":[{"start":{"line":149,"column":16},"end":{"line":149,"column":30}},{"start":{"line":149,"column":34},"end":{"line":149,"column":47}}],"line":149},"33":{"loc":{"start":{"line":149,"column":52},"end":{"line":149,"column":94}},"type":"binary-expr","locations":[{"start":{"line":149,"column":52},"end":{"line":149,"column":70}},{"start":{"line":149,"column":74},"end":{"line":149,"column":94}}],"line":149},"34":{"loc":{"start":{"line":154,"column":4},"end":{"line":154,"column":31}},"type":"if","locations":[{"start":{"line":154,"column":4},"end":{"line":154,"column":31}},{"start":{},"end":{}}],"line":154},"35":{"loc":{"start":{"line":160,"column":16},"end":{"line":160,"column":77}},"type":"binary-expr","locations":[{"start":{"line":160,"column":16},"end":{"line":160,"column":39}},{"start":{"line":160,"column":43},"end":{"line":160,"column":77}}],"line":160},"36":{"loc":{"start":{"line":165,"column":4},"end":{"line":165,"column":31}},"type":"if","locations":[{"start":{"line":165,"column":4},"end":{"line":165,"column":31}},{"start":{},"end":{}}],"line":165},"37":{"loc":{"start":{"line":183,"column":18},"end":{"line":183,"column":42}},"type":"binary-expr","locations":[{"start":{"line":183,"column":18},"end":{"line":183,"column":28}},{"start":{"line":183,"column":32},"end":{"line":183,"column":42}}],"line":183},"38":{"loc":{"start":{"line":183,"column":44},"end":{"line":183,"column":102}},"type":"binary-expr","locations":[{"start":{"line":183,"column":44},"end":{"line":183,"column":65}},{"start":{"line":183,"column":69},"end":{"line":183,"column":102}}],"line":183},"39":{"loc":{"start":{"line":187,"column":16},"end":{"line":187,"column":73}},"type":"binary-expr","locations":[{"start":{"line":187,"column":16},"end":{"line":187,"column":40}},{"start":{"line":187,"column":44},"end":{"line":187,"column":73}}],"line":187},"40":{"loc":{"start":{"line":195,"column":56},"end":{"line":195,"column":96}},"type":"binary-expr","locations":[{"start":{"line":195,"column":56},"end":{"line":195,"column":73}},{"start":{"line":195,"column":77},"end":{"line":195,"column":96}}],"line":195},"41":{"loc":{"start":{"line":197,"column":13},"end":{"line":197,"column":30}},"type":"binary-expr","locations":[{"start":{"line":197,"column":13},"end":{"line":197,"column":21}},{"start":{"line":197,"column":25},"end":{"line":197,"column":30}}],"line":197},"42":{"loc":{"start":{"line":199,"column":21},"end":{"line":199,"column":50}},"type":"binary-expr","locations":[{"start":{"line":199,"column":21},"end":{"line":199,"column":41}},{"start":{"line":199,"column":45},"end":{"line":199,"column":50}}],"line":199},"43":{"loc":{"start":{"line":206,"column":13},"end":{"line":206,"column":32}},"type":"binary-expr","locations":[{"start":{"line":206,"column":13},"end":{"line":206,"column":22}},{"start":{"line":206,"column":26},"end":{"line":206,"column":32}}],"line":206},"44":{"loc":{"start":{"line":208,"column":21},"end":{"line":208,"column":59}},"type":"binary-expr","locations":[{"start":{"line":208,"column":21},"end":{"line":208,"column":42}},{"start":{"line":208,"column":46},"end":{"line":208,"column":59}}],"line":208},"45":{"loc":{"start":{"line":215,"column":23},"end":{"line":215,"column":55}},"type":"binary-expr","locations":[{"start":{"line":215,"column":23},"end":{"line":215,"column":37}},{"start":{"line":215,"column":41},"end":{"line":215,"column":55}}],"line":215},"46":{"loc":{"start":{"line":217,"column":17},"end":{"line":217,"column":50}},"type":"binary-expr","locations":[{"start":{"line":217,"column":17},"end":{"line":217,"column":32}},{"start":{"line":217,"column":36},"end":{"line":217,"column":50}}],"line":217},"47":{"loc":{"start":{"line":219,"column":12},"end":{"line":220,"column":66}},"type":"if","locations":[{"start":{"line":219,"column":12},"end":{"line":220,"column":66}},{"start":{"line":220,"column":17},"end":{"line":220,"column":66}}],"line":219},"48":{"loc":{"start":{"line":219,"column":48},"end":{"line":219,"column":71}},"type":"binary-expr","locations":[{"start":{"line":219,"column":48},"end":{"line":219,"column":58}},{"start":{"line":219,"column":62},"end":{"line":219,"column":71}}],"line":219},"49":{"loc":{"start":{"line":220,"column":27},"end":{"line":220,"column":64}},"type":"binary-expr","locations":[{"start":{"line":220,"column":27},"end":{"line":220,"column":44}},{"start":{"line":220,"column":48},"end":{"line":220,"column":64}}],"line":220},"50":{"loc":{"start":{"line":225,"column":13},"end":{"line":225,"column":48}},"type":"binary-expr","locations":[{"start":{"line":225,"column":13},"end":{"line":225,"column":24}},{"start":{"line":225,"column":28},"end":{"line":225,"column":48}}],"line":225},"51":{"loc":{"start":{"line":227,"column":21},"end":{"line":227,"column":59}},"type":"binary-expr","locations":[{"start":{"line":227,"column":21},"end":{"line":227,"column":44}},{"start":{"line":227,"column":48},"end":{"line":227,"column":59}}],"line":227},"52":{"loc":{"start":{"line":233,"column":13},"end":{"line":233,"column":52}},"type":"binary-expr","locations":[{"start":{"line":233,"column":13},"end":{"line":233,"column":29}},{"start":{"line":233,"column":33},"end":{"line":233,"column":52}}],"line":233},"53":{"loc":{"start":{"line":236,"column":27},"end":{"line":236,"column":40}},"type":"binary-expr","locations":[{"start":{"line":236,"column":27},"end":{"line":236,"column":33}},{"start":{"line":236,"column":37},"end":{"line":236,"column":40}}],"line":236},"54":{"loc":{"start":{"line":240,"column":23},"end":{"line":240,"column":57}},"type":"binary-expr","locations":[{"start":{"line":240,"column":23},"end":{"line":240,"column":39}},{"start":{"line":240,"column":43},"end":{"line":240,"column":57}}],"line":240},"55":{"loc":{"start":{"line":244,"column":23},"end":{"line":244,"column":59}},"type":"binary-expr","locations":[{"start":{"line":244,"column":23},"end":{"line":244,"column":40}},{"start":{"line":244,"column":44},"end":{"line":244,"column":59}}],"line":244},"56":{"loc":{"start":{"line":248,"column":23},"end":{"line":248,"column":57}},"type":"binary-expr","locations":[{"start":{"line":248,"column":23},"end":{"line":248,"column":40}},{"start":{"line":248,"column":44},"end":{"line":248,"column":57}}],"line":248},"57":{"loc":{"start":{"line":252,"column":23},"end":{"line":252,"column":66}},"type":"binary-expr","locations":[{"start":{"line":252,"column":23},"end":{"line":252,"column":36}},{"start":{"line":252,"column":40},"end":{"line":252,"column":66}}],"line":252},"58":{"loc":{"start":{"line":256,"column":23},"end":{"line":256,"column":63}},"type":"binary-expr","locations":[{"start":{"line":256,"column":23},"end":{"line":256,"column":43}},{"start":{"line":256,"column":47},"end":{"line":256,"column":63}}],"line":256},"59":{"loc":{"start":{"line":260,"column":45},"end":{"line":260,"column":92}},"type":"binary-expr","locations":[{"start":{"line":260,"column":45},"end":{"line":260,"column":57}},{"start":{"line":260,"column":61},"end":{"line":260,"column":92}}],"line":260},"60":{"loc":{"start":{"line":262,"column":11},"end":{"line":262,"column":96}},"type":"binary-expr","locations":[{"start":{"line":262,"column":11},"end":{"line":262,"column":21}},{"start":{"line":262,"column":25},"end":{"line":262,"column":44}},{"start":{"line":262,"column":48},"end":{"line":262,"column":96}}],"line":262}},"s":{"0":2,"1":2,"2":2,"3":2,"4":2,"5":2,"6":2,"7":2,"8":2,"9":2,"10":2,"11":2,"12":1,"13":0,"14":0,"15":0,"16":0,"17":0,"18":0,"19":0,"20":0,"21":0,"22":0,"23":1,"24":1,"25":1,"26":0,"27":0,"28":0,"29":0,"30":0,"31":0,"32":0,"33":0,"34":0,"35":0,"36":0,"37":0,"38":0,"39":0,"40":0,"41":0,"42":0,"43":0,"44":1,"45":1,"46":0,"47":0,"48":0,"49":0,"50":0,"51":0,"52":0,"53":0,"54":0,"55":0,"56":0,"57":0,"58":0,"59":0,"60":0,"61":0,"62":0,"63":0,"64":0,"65":0,"66":0,"67":0,"68":0,"69":0,"70":0,"71":0,"72":0,"73":0,"74":0,"75":0,"76":0,"77":0,"78":0,"79":0,"80":0,"81":0,"82":2,"83":0,"84":0,"85":0,"86":0,"87":0},"f":{"0":2,"1":2,"2":1,"3":0,"4":0,"5":0,"6":1,"7":0,"8":0,"9":1,"10":0,"11":0,"12":0,"13":0,"14":0,"15":0,"16":0},"b":{"0":[2,0,2],"1":[2,2],"2":[2,2],"3":[2,2],"4":[2,2],"5":[1,0],"6":[0,0],"7":[0,0],"8":[0,0],"9":[0,0],"10":[1,0],"11":[1,0],"12":[0,0],"13":[0,0],"14":[0,0],"15":[0,0],"16":[0,0],"17":[0,0],"18":[0,0],"19":[0,0],"20":[0,0],"21":[0,0],"22":[0,0],"23":[0,0],"24":[0,0],"25":[1,0],"26":[0,0],"27":[0,0],"28":[0,0],"29":[0,0],"30":[0,0],"31":[0,0],"32":[0,0],"33":[0,0],"34":[0,0],"35":[0,0],"36":[0,0],"37":[0,0],"38":[0,0],"39":[0,0],"40":[2,0],"41":[2,0],"42":[2,0],"43":[2,0],"44":[2,0],"45":[2,0],"46":[2,0],"47":[0,0],"48":[0,0],"49":[0,0],"50":[2,0],"51":[2,0],"52":[2,0],"53":[0,0],"54":[2,0],"55":[2,0],"56":[2,0],"57":[2,0],"58":[2,0],"59":[2,0],"60":[2,2,0]},"_coverageSchema":"1a1c01bbd47fc00a2c39e90264f33305004495a9","hash":"5dfb8d9a54c0f0130a1ab68135d7639c21f6a83c"}
,"D:\\projects\\etaxes\\components\\StyledText.tsx": {"path":"D:\\projects\\etaxes\\components\\StyledText.tsx","statementMap":{"0":{"start":{"line":4,"column":2},"end":{"line":4,"column":80}}},"fnMap":{"0":{"name":"MonoText","decl":{"start":{"line":3,"column":16},"end":{"line":3,"column":24}},"loc":{"start":{"line":3,"column":43},"end":{"line":5,"column":1}},"line":3}},"branchMap":{},"s":{"0":1},"f":{"0":1},"b":{},"_coverageSchema":"1a1c01bbd47fc00a2c39e90264f33305004495a9","hash":"cc06ef4afa8450b9f1d6c1dceab1683625e1034f"}
,"D:\\projects\\etaxes\\components\\Themed.tsx": {"path":"D:\\projects\\etaxes\\components\\Themed.tsx","statementMap":{"0":{"start":{"line":23,"column":16},"end":{"line":23,"column":43}},"1":{"start":{"line":24,"column":25},"end":{"line":24,"column":37}},"2":{"start":{"line":26,"column":2},"end":{"line":30,"column":3}},"3":{"start":{"line":27,"column":4},"end":{"line":27,"column":26}},"4":{"start":{"line":29,"column":4},"end":{"line":29,"column":36}},"5":{"start":{"line":34,"column":58},"end":{"line":34,"column":63}},"6":{"start":{"line":35,"column":16},"end":{"line":35,"column":77}},"7":{"start":{"line":37,"column":2},"end":{"line":37,"column":68}},"8":{"start":{"line":41,"column":58},"end":{"line":41,"column":63}},"9":{"start":{"line":42,"column":26},"end":{"line":42,"column":93}},"10":{"start":{"line":44,"column":2},"end":{"line":44,"column":78}}},"fnMap":{"0":{"name":"useThemeColor","decl":{"start":{"line":19,"column":16},"end":{"line":19,"column":29}},"loc":{"start":{"line":22,"column":2},"end":{"line":31,"column":1}},"line":22},"1":{"name":"Text","decl":{"start":{"line":33,"column":16},"end":{"line":33,"column":20}},"loc":{"start":{"line":33,"column":39},"end":{"line":38,"column":1}},"line":33},"2":{"name":"View","decl":{"start":{"line":40,"column":16},"end":{"line":40,"column":20}},"loc":{"start":{"line":40,"column":39},"end":{"line":45,"column":1}},"line":40}},"branchMap":{"0":{"loc":{"start":{"line":23,"column":16},"end":{"line":23,"column":43}},"type":"binary-expr","locations":[{"start":{"line":23,"column":16},"end":{"line":23,"column":32}},{"start":{"line":23,"column":36},"end":{"line":23,"column":43}}],"line":23},"1":{"loc":{"start":{"line":26,"column":2},"end":{"line":30,"column":3}},"type":"if","locations":[{"start":{"line":26,"column":2},"end":{"line":30,"column":3}},{"start":{"line":28,"column":9},"end":{"line":30,"column":3}}],"line":26}},"s":{"0":1,"1":1,"2":1,"3":0,"4":1,"5":1,"6":1,"7":1,"8":0,"9":0,"10":0},"f":{"0":1,"1":1,"2":0},"b":{"0":[1,0],"1":[0,1]},"_coverageSchema":"1a1c01bbd47fc00a2c39e90264f33305004495a9","hash":"5838cdd2674e4f505947fecf7982cad5ecbdd958"}
,"D:\\projects\\etaxes\\components\\useColorScheme.ts": {"path":"D:\\projects\\etaxes\\components\\useColorScheme.ts","statementMap":{},"fnMap":{},"branchMap":{},"s":{},"f":{},"b":{},"_coverageSchema":"1a1c01bbd47fc00a2c39e90264f33305004495a9","hash":"21d88926a86caf84453a7bdb637455349b3e9b67"}
,"D:\\projects\\etaxes\\constants\\Colors.ts": {"path":"D:\\projects\\etaxes\\constants\\Colors.ts","statementMap":{"0":{"start":{"line":1,"column":23},"end":{"line":1,"column":32}},"1":{"start":{"line":2,"column":22},"end":{"line":2,"column":28}}},"fnMap":{},"branchMap":{},"s":{"0":1,"1":1},"f":{},"b":{},"_coverageSchema":"1a1c01bbd47fc00a2c39e90264f33305004495a9","hash":"13d0b5de4d9f24f45c469337ef7cbf5d9ebbeef2"}
,"D:\\projects\\etaxes\\src\\lib\\napXml.ts": {"path":"D:\\projects\\etaxes\\src\\lib\\napXml.ts","statementMap":{"0":{"start":{"line":28,"column":2},"end":{"line":28,"column":47}},"1":{"start":{"line":28,"column":37},"end":{"line":28,"column":47}},"2":{"start":{"line":29,"column":2},"end":{"line":34,"column":29}},"3":{"start":{"line":39,"column":13},"end":{"line":42,"column":3}},"4":{"start":{"line":44,"column":17},"end":{"line":44,"column":57}},"5":{"start":{"line":46,"column":12},"end":{"line":46,"column":88}},"6":{"start":{"line":48,"column":2},"end":{"line":48,"column":26}},"7":{"start":{"line":49,"column":2},"end":{"line":49,"column":86}},"8":{"start":{"line":50,"column":2},"end":{"line":50,"column":68}},"9":{"start":{"line":51,"column":2},"end":{"line":51,"column":80}},"10":{"start":{"line":52,"column":2},"end":{"line":52,"column":27}},"11":{"start":{"line":54,"column":2},"end":{"line":54,"column":30}},"12":{"start":{"line":55,"column":2},"end":{"line":55,"column":66}},"13":{"start":{"line":56,"column":2},"end":{"line":56,"column":31}},"14":{"start":{"line":58,"column":2},"end":{"line":58,"column":29}},"15":{"start":{"line":59,"column":2},"end":{"line":59,"column":68}},"16":{"start":{"line":60,"column":2},"end":{"line":60,"column":74}},"17":{"start":{"line":61,"column":2},"end":{"line":61,"column":30}},"18":{"start":{"line":63,"column":2},"end":{"line":63,"column":57}},"19":{"start":{"line":65,"column":2},"end":{"line":75,"column":3}},"20":{"start":{"line":66,"column":4},"end":{"line":66,"column":34}},"21":{"start":{"line":67,"column":4},"end":{"line":73,"column":5}},"22":{"start":{"line":68,"column":6},"end":{"line":68,"column":34}},"23":{"start":{"line":69,"column":6},"end":{"line":69,"column":62}},"24":{"start":{"line":70,"column":6},"end":{"line":70,"column":89}},"25":{"start":{"line":71,"column":6},"end":{"line":71,"column":82}},"26":{"start":{"line":72,"column":6},"end":{"line":72,"column":35}},"27":{"start":{"line":74,"column":4},"end":{"line":74,"column":35}},"28":{"start":{"line":77,"column":2},"end":{"line":83,"column":3}},"29":{"start":{"line":78,"column":4},"end":{"line":78,"column":34}},"30":{"start":{"line":79,"column":4},"end":{"line":81,"column":5}},"31":{"start":{"line":80,"column":6},"end":{"line":80,"column":78}},"32":{"start":{"line":82,"column":4},"end":{"line":82,"column":35}},"33":{"start":{"line":85,"column":2},"end":{"line":91,"column":3}},"34":{"start":{"line":86,"column":4},"end":{"line":86,"column":30}},"35":{"start":{"line":87,"column":4},"end":{"line":89,"column":5}},"36":{"start":{"line":88,"column":6},"end":{"line":88,"column":92}},"37":{"start":{"line":90,"column":4},"end":{"line":90,"column":31}},"38":{"start":{"line":93,"column":2},"end":{"line":102,"column":3}},"39":{"start":{"line":94,"column":4},"end":{"line":94,"column":35}},"40":{"start":{"line":95,"column":4},"end":{"line":100,"column":5}},"41":{"start":{"line":96,"column":6},"end":{"line":96,"column":38}},"42":{"start":{"line":97,"column":6},"end":{"line":97,"column":59}},"43":{"start":{"line":98,"column":6},"end":{"line":98,"column":56}},"44":{"start":{"line":99,"column":6},"end":{"line":99,"column":39}},"45":{"start":{"line":101,"column":4},"end":{"line":101,"column":36}},"46":{"start":{"line":104,"column":2},"end":{"line":104,"column":32}},"47":{"start":{"line":105,"column":2},"end":{"line":105,"column":13}}},"fnMap":{"0":{"name":"esc","decl":{"start":{"line":27,"column":9},"end":{"line":27,"column":12}},"loc":{"start":{"line":27,"column":21},"end":{"line":35,"column":1}},"line":27},"1":{"name":"generateNapXml","decl":{"start":{"line":37,"column":16},"end":{"line":37,"column":30}},"loc":{"start":{"line":37,"column":57},"end":{"line":106,"column":1}},"line":37}},"branchMap":{"0":{"loc":{"start":{"line":28,"column":2},"end":{"line":28,"column":47}},"type":"if","locations":[{"start":{"line":28,"column":2},"end":{"line":28,"column":47}},{"start":{},"end":{}}],"line":28},"1":{"loc":{"start":{"line":28,"column":6},"end":{"line":28,"column":35}},"type":"binary-expr","locations":[{"start":{"line":28,"column":6},"end":{"line":28,"column":16}},{"start":{"line":28,"column":20},"end":{"line":28,"column":35}}],"line":28},"2":{"loc":{"start":{"line":50,"column":29},"end":{"line":50,"column":52}},"type":"binary-expr","locations":[{"start":{"line":50,"column":29},"end":{"line":50,"column":46}},{"start":{"line":50,"column":50},"end":{"line":50,"column":52}}],"line":50},"3":{"loc":{"start":{"line":51,"column":33},"end":{"line":51,"column":60}},"type":"binary-expr","locations":[{"start":{"line":51,"column":33},"end":{"line":51,"column":54}},{"start":{"line":51,"column":58},"end":{"line":51,"column":60}}],"line":51},"4":{"loc":{"start":{"line":65,"column":2},"end":{"line":75,"column":3}},"type":"if","locations":[{"start":{"line":65,"column":2},"end":{"line":75,"column":3}},{"start":{},"end":{}}],"line":65},"5":{"loc":{"start":{"line":65,"column":6},"end":{"line":65,"column":45}},"type":"binary-expr","locations":[{"start":{"line":65,"column":6},"end":{"line":65,"column":20}},{"start":{"line":65,"column":24},"end":{"line":65,"column":45}}],"line":65},"6":{"loc":{"start":{"line":70,"column":43},"end":{"line":70,"column":65}},"type":"binary-expr","locations":[{"start":{"line":70,"column":43},"end":{"line":70,"column":59}},{"start":{"line":70,"column":63},"end":{"line":70,"column":65}}],"line":70},"7":{"loc":{"start":{"line":77,"column":2},"end":{"line":83,"column":3}},"type":"if","locations":[{"start":{"line":77,"column":2},"end":{"line":83,"column":3}},{"start":{},"end":{}}],"line":77},"8":{"loc":{"start":{"line":77,"column":6},"end":{"line":77,"column":53}},"type":"binary-expr","locations":[{"start":{"line":77,"column":6},"end":{"line":77,"column":24}},{"start":{"line":77,"column":28},"end":{"line":77,"column":53}}],"line":77},"9":{"loc":{"start":{"line":85,"column":2},"end":{"line":91,"column":3}},"type":"if","locations":[{"start":{"line":85,"column":2},"end":{"line":91,"column":3}},{"start":{},"end":{}}],"line":85},"10":{"loc":{"start":{"line":93,"column":2},"end":{"line":102,"column":3}},"type":"if","locations":[{"start":{"line":93,"column":2},"end":{"line":102,"column":3}},{"start":{},"end":{}}],"line":93},"11":{"loc":{"start":{"line":93,"column":6},"end":{"line":93,"column":55}},"type":"binary-expr","locations":[{"start":{"line":93,"column":6},"end":{"line":93,"column":25}},{"start":{"line":93,"column":29},"end":{"line":93,"column":55}}],"line":93}},"s":{"0":16,"1":0,"2":16,"3":2,"4":2,"5":2,"6":2,"7":2,"8":2,"9":2,"10":2,"11":2,"12":2,"13":2,"14":2,"15":2,"16":2,"17":2,"18":2,"19":2,"20":1,"21":1,"22":1,"23":1,"24":1,"25":1,"26":1,"27":1,"28":2,"29":0,"30":0,"31":0,"32":0,"33":2,"34":0,"35":0,"36":0,"37":0,"38":2,"39":0,"40":0,"41":0,"42":0,"43":0,"44":0,"45":0,"46":2,"47":2},"f":{"0":16,"1":2},"b":{"0":[0,16],"1":[16,16],"2":[2,1],"3":[2,1],"4":[1,1],"5":[2,1],"6":[1,0],"7":[0,2],"8":[2,0],"9":[0,2],"10":[0,2],"11":[2,0]},"_coverageSchema":"1a1c01bbd47fc00a2c39e90264f33305004495a9","hash":"46ee9c96d7078550d90403d8b33120fa7ad83cba"}
,"D:\\projects\\etaxes\\src\\lib\\validators.ts": {"path":"D:\\projects\\etaxes\\src\\lib\\validators.ts","statementMap":{"0":{"start":{"line":7,"column":2},"end":{"line":7,"column":26}},"1":{"start":{"line":7,"column":13},"end":{"line":7,"column":26}},"2":{"start":{"line":8,"column":21},"end":{"line":8,"column":59}},"3":{"start":{"line":10,"column":2},"end":{"line":10,"column":66}},"4":{"start":{"line":10,"column":53},"end":{"line":10,"column":66}},"5":{"start":{"line":12,"column":16},"end":{"line":12,"column":60}},"6":{"start":{"line":13,"column":20},"end":{"line":20,"column":13}},"7":{"start":{"line":16,"column":19},"end":{"line":16,"column":35}},"8":{"start":{"line":17,"column":6},"end":{"line":17,"column":46}},"9":{"start":{"line":17,"column":36},"end":{"line":17,"column":46}},"10":{"start":{"line":18,"column":6},"end":{"line":18,"column":36}},"11":{"start":{"line":22,"column":18},"end":{"line":22,"column":19}},"12":{"start":{"line":23,"column":2},"end":{"line":26,"column":3}},"13":{"start":{"line":23,"column":15},"end":{"line":23,"column":16}},"14":{"start":{"line":24,"column":18},"end":{"line":24,"column":60}},"15":{"start":{"line":25,"column":4},"end":{"line":25,"column":35}},"16":{"start":{"line":27,"column":2},"end":{"line":27,"column":25}},"17":{"start":{"line":31,"column":2},"end":{"line":31,"column":25}},"18":{"start":{"line":31,"column":12},"end":{"line":31,"column":25}},"19":{"start":{"line":32,"column":18},"end":{"line":32,"column":41}},"20":{"start":{"line":33,"column":2},"end":{"line":33,"column":46}},"21":{"start":{"line":33,"column":33},"end":{"line":33,"column":46}},"22":{"start":{"line":35,"column":18},"end":{"line":35,"column":46}},"23":{"start":{"line":36,"column":17},"end":{"line":36,"column":54}},"24":{"start":{"line":36,"column":44},"end":{"line":36,"column":53}},"25":{"start":{"line":37,"column":14},"end":{"line":37,"column":67}},"26":{"start":{"line":37,"column":44},"end":{"line":37,"column":63}},"27":{"start":{"line":38,"column":20},"end":{"line":38,"column":28}},"28":{"start":{"line":39,"column":16},"end":{"line":39,"column":48}},"29":{"start":{"line":40,"column":2},"end":{"line":40,"column":29}},"30":{"start":{"line":44,"column":2},"end":{"line":44,"column":55}}},"fnMap":{"0":{"name":"validateIBAN","decl":{"start":{"line":6,"column":16},"end":{"line":6,"column":28}},"loc":{"start":{"line":6,"column":52},"end":{"line":28,"column":1}},"line":6},"1":{"name":"(anonymous_1)","decl":{"start":{"line":15,"column":9},"end":{"line":15,"column":10}},"loc":{"start":{"line":15,"column":15},"end":{"line":19,"column":5}},"line":15},"2":{"name":"validateEGN","decl":{"start":{"line":30,"column":16},"end":{"line":30,"column":27}},"loc":{"start":{"line":30,"column":50},"end":{"line":41,"column":1}},"line":30},"3":{"name":"(anonymous_3)","decl":{"start":{"line":36,"column":39},"end":{"line":36,"column":40}},"loc":{"start":{"line":36,"column":44},"end":{"line":36,"column":53}},"line":36},"4":{"name":"(anonymous_4)","decl":{"start":{"line":37,"column":29},"end":{"line":37,"column":30}},"loc":{"start":{"line":37,"column":44},"end":{"line":37,"column":63}},"line":37},"5":{"name":"isPositiveNumber","decl":{"start":{"line":43,"column":16},"end":{"line":43,"column":32}},"loc":{"start":{"line":43,"column":44},"end":{"line":45,"column":1}},"line":43}},"branchMap":{"0":{"loc":{"start":{"line":7,"column":2},"end":{"line":7,"column":26}},"type":"if","locations":[{"start":{"line":7,"column":2},"end":{"line":7,"column":26}},{"start":{},"end":{}}],"line":7},"1":{"loc":{"start":{"line":10,"column":2},"end":{"line":10,"column":66}},"type":"if","locations":[{"start":{"line":10,"column":2},"end":{"line":10,"column":66}},{"start":{},"end":{}}],"line":10},"2":{"loc":{"start":{"line":17,"column":6},"end":{"line":17,"column":46}},"type":"if","locations":[{"start":{"line":17,"column":6},"end":{"line":17,"column":46}},{"start":{},"end":{}}],"line":17},"3":{"loc":{"start":{"line":17,"column":10},"end":{"line":17,"column":34}},"type":"binary-expr","locations":[{"start":{"line":17,"column":10},"end":{"line":17,"column":20}},{"start":{"line":17,"column":24},"end":{"line":17,"column":34}}],"line":17},"4":{"loc":{"start":{"line":31,"column":2},"end":{"line":31,"column":25}},"type":"if","locations":[{"start":{"line":31,"column":2},"end":{"line":31,"column":25}},{"start":{},"end":{}}],"line":31},"5":{"loc":{"start":{"line":33,"column":2},"end":{"line":33,"column":46}},"type":"if","locations":[{"start":{"line":33,"column":2},"end":{"line":33,"column":46}},{"start":{},"end":{}}],"line":33},"6":{"loc":{"start":{"line":39,"column":16},"end":{"line":39,"column":48}},"type":"cond-expr","locations":[{"start":{"line":39,"column":35},"end":{"line":39,"column":36}},{"start":{"line":39,"column":39},"end":{"line":39,"column":48}}],"line":39},"7":{"loc":{"start":{"line":44,"column":9},"end":{"line":44,"column":54}},"type":"binary-expr","locations":[{"start":{"line":44,"column":9},"end":{"line":44,"column":30}},{"start":{"line":44,"column":34},"end":{"line":44,"column":45}},{"start":{"line":44,"column":49},"end":{"line":44,"column":54}}],"line":44}},"s":{"0":0,"1":0,"2":0,"3":0,"4":0,"5":0,"6":0,"7":0,"8":0,"9":0,"10":0,"11":0,"12":0,"13":0,"14":0,"15":0,"16":0,"17":2,"18":0,"19":2,"20":2,"21":0,"22":2,"23":2,"24":20,"25":2,"26":18,"27":2,"28":2,"29":2,"30":3},"f":{"0":0,"1":0,"2":2,"3":20,"4":18,"5":3},"b":{"0":[0,0],"1":[0,0],"2":[0,0],"3":[0,0],"4":[0,2],"5":[0,2],"6":[0,2],"7":[3,3,3]},"_coverageSchema":"1a1c01bbd47fc00a2c39e90264f33305004495a9","hash":"f9209cdbe291b2f20089a3efeea5f921cd1f47bf"}
}
