TN:
SF:app\submit.tsx
FN:29,SubmitScreen
FN:42,(anonymous_1)
FN:47,showError
FN:51,pickAttachment
FN:61,(anonymous_4)
FN:69,copyToClipboard
FN:74,validateAll
FN:102,buildDeclarationPayload
FN:118,(anonymous_8)
FN:125,onGenerateXml
FN:141,onDownloadXml
FN:153,onOpenNapPortal
FN:159,(anonymous_12)
FN:164,onSaveToArchive
FN:215,(anonymous_14)
FN:218,(anonymous_15)
FN:234,(anonymous_16)
FNF:17
FNH:5
FNDA:2,SubmitScreen
FNDA:2,(anonymous_1)
FNDA:1,showError
FNDA:0,pickAttachment
FNDA:0,(anonymous_4)
FNDA:0,copyToClipboard
FNDA:1,validateAll
FNDA:0,buildDeclarationPayload
FNDA:0,(anonymous_8)
FNDA:1,onGenerateXml
FNDA:0,onDownloadXml
FNDA:0,onOpenNapPortal
FNDA:0,(anonymous_12)
FNDA:0,onSaveToArchive
FNDA:0,(anonymous_14)
FNDA:0,(anonymous_15)
FNDA:0,(anonymous_16)
DA:30,2
DA:31,2
DA:32,2
DA:34,2
DA:35,2
DA:36,2
DA:37,2
DA:38,2
DA:39,2
DA:40,2
DA:42,2
DA:44,2
DA:48,1
DA:52,0
DA:53,0
DA:54,0
DA:55,0
DA:61,0
DA:64,0
DA:65,0
DA:70,0
DA:71,0
DA:75,1
DA:76,1
DA:77,1
DA:79,0
DA:80,0
DA:81,0
DA:83,0
DA:84,0
DA:85,0
DA:87,0
DA:88,0
DA:89,0
DA:91,0
DA:92,0
DA:93,0
DA:95,0
DA:96,0
DA:97,0
DA:99,0
DA:104,0
DA:118,0
DA:126,1
DA:127,0
DA:128,0
DA:129,0
DA:130,0
DA:132,0
DA:133,0
DA:134,0
DA:136,0
DA:137,0
DA:142,0
DA:143,0
DA:144,0
DA:146,0
DA:147,0
DA:148,0
DA:149,0
DA:154,0
DA:155,0
DA:156,0
DA:158,0
DA:159,0
DA:160,0
DA:165,0
DA:166,0
DA:167,0
DA:168,0
DA:169,0
DA:171,0
DA:182,0
DA:183,0
DA:184,0
DA:186,0
DA:187,0
DA:189,0
DA:193,2
DA:215,0
DA:219,0
DA:220,0
DA:235,0
LF:83
LH:18
BRDA:32,0,0,2
BRDA:32,0,1,0
BRDA:32,0,2,2
BRDA:34,1,0,2
BRDA:34,1,1,2
BRDA:35,2,0,2
BRDA:35,2,1,2
BRDA:36,3,0,2
BRDA:36,3,1,2
BRDA:37,4,0,2
BRDA:37,4,1,2
BRDA:48,5,0,1
BRDA:48,5,1,0
BRDA:54,6,0,0
BRDA:54,6,1,0
BRDA:65,7,0,0
BRDA:65,7,1,0
BRDA:71,8,0,0
BRDA:71,8,1,0
BRDA:71,9,0,0
BRDA:71,9,1,0
BRDA:75,10,0,1
BRDA:75,10,1,0
BRDA:76,11,0,1
BRDA:76,11,1,0
BRDA:79,12,0,0
BRDA:79,12,1,0
BRDA:80,13,0,0
BRDA:80,13,1,0
BRDA:83,14,0,0
BRDA:83,14,1,0
BRDA:84,15,0,0
BRDA:84,15,1,0
BRDA:87,16,0,0
BRDA:87,16,1,0
BRDA:88,17,0,0
BRDA:88,17,1,0
BRDA:91,18,0,0
BRDA:91,18,1,0
BRDA:92,19,0,0
BRDA:92,19,1,0
BRDA:95,20,0,0
BRDA:95,20,1,0
BRDA:96,21,0,0
BRDA:96,21,1,0
BRDA:119,22,0,0
BRDA:119,22,1,0
BRDA:120,23,0,0
BRDA:120,23,1,0
BRDA:121,24,0,0
BRDA:121,24,1,0
BRDA:126,25,0,1
BRDA:126,25,1,0
BRDA:134,26,0,0
BRDA:134,26,1,0
BRDA:134,27,0,0
BRDA:134,27,1,0
BRDA:137,28,0,0
BRDA:137,28,1,0
BRDA:142,29,0,0
BRDA:142,29,1,0
BRDA:143,30,0,0
BRDA:143,30,1,0
BRDA:146,31,0,0
BRDA:146,31,1,0
BRDA:149,32,0,0
BRDA:149,32,1,0
BRDA:149,33,0,0
BRDA:149,33,1,0
BRDA:154,34,0,0
BRDA:154,34,1,0
BRDA:160,35,0,0
BRDA:160,35,1,0
BRDA:165,36,0,0
BRDA:165,36,1,0
BRDA:183,37,0,0
BRDA:183,37,1,0
BRDA:183,38,0,0
BRDA:183,38,1,0
BRDA:187,39,0,0
BRDA:187,39,1,0
BRDA:195,40,0,2
BRDA:195,40,1,0
BRDA:197,41,0,2
BRDA:197,41,1,0
BRDA:199,42,0,2
BRDA:199,42,1,0
BRDA:206,43,0,2
BRDA:206,43,1,0
BRDA:208,44,0,2
BRDA:208,44,1,0
BRDA:215,45,0,2
BRDA:215,45,1,0
BRDA:217,46,0,2
BRDA:217,46,1,0
BRDA:219,47,0,0
BRDA:219,47,1,0
BRDA:219,48,0,0
BRDA:219,48,1,0
BRDA:220,49,0,0
BRDA:220,49,1,0
BRDA:225,50,0,2
BRDA:225,50,1,0
BRDA:227,51,0,2
BRDA:227,51,1,0
BRDA:233,52,0,2
BRDA:233,52,1,0
BRDA:236,53,0,0
BRDA:236,53,1,0
BRDA:240,54,0,2
BRDA:240,54,1,0
BRDA:244,55,0,2
BRDA:244,55,1,0
BRDA:248,56,0,2
BRDA:248,56,1,0
BRDA:252,57,0,2
BRDA:252,57,1,0
BRDA:256,58,0,2
BRDA:256,58,1,0
BRDA:260,59,0,2
BRDA:260,59,1,0
BRDA:262,60,0,2
BRDA:262,60,1,2
BRDA:262,60,2,0
BRF:124
BRH:32
end_of_record
TN:
SF:components\StyledText.tsx
FN:3,MonoText
FNF:1
FNH:1
FNDA:1,MonoText
DA:4,1
LF:1
LH:1
BRF:0
BRH:0
end_of_record
TN:
SF:components\Themed.tsx
FN:19,useThemeColor
FN:33,Text
FN:40,View
FNF:3
FNH:2
FNDA:1,useThemeColor
FNDA:1,Text
FNDA:0,View
DA:23,1
DA:24,1
DA:26,1
DA:27,0
DA:29,1
DA:34,1
DA:35,1
DA:37,1
DA:41,0
DA:42,0
DA:44,0
LF:11
LH:7
BRDA:23,0,0,1
BRDA:23,0,1,0
BRDA:26,1,0,0
BRDA:26,1,1,1
BRF:4
BRH:2
end_of_record
TN:
SF:components\useColorScheme.ts
FNF:0
FNH:0
LF:0
LH:0
BRF:0
BRH:0
end_of_record
TN:
SF:constants\Colors.ts
FNF:0
FNH:0
DA:1,1
DA:2,1
LF:2
LH:2
BRF:0
BRH:0
end_of_record
TN:
SF:src\lib\napXml.ts
FN:27,esc
FN:37,generateNapXml
FNF:2
FNH:2
FNDA:16,esc
FNDA:2,generateNapXml
DA:28,16
DA:29,16
DA:39,2
DA:44,2
DA:46,2
DA:48,2
DA:49,2
DA:50,2
DA:51,2
DA:52,2
DA:54,2
DA:55,2
DA:56,2
DA:58,2
DA:59,2
DA:60,2
DA:61,2
DA:63,2
DA:65,2
DA:66,1
DA:67,1
DA:68,1
DA:69,1
DA:70,1
DA:71,1
DA:72,1
DA:74,1
DA:77,2
DA:78,0
DA:79,0
DA:80,0
DA:82,0
DA:85,2
DA:86,0
DA:87,0
DA:88,0
DA:90,0
DA:93,2
DA:94,0
DA:95,0
DA:96,0
DA:97,0
DA:98,0
DA:99,0
DA:101,0
DA:104,2
DA:105,2
LF:47
LH:32
BRDA:28,0,0,0
BRDA:28,0,1,16
BRDA:28,1,0,16
BRDA:28,1,1,16
BRDA:50,2,0,2
BRDA:50,2,1,1
BRDA:51,3,0,2
BRDA:51,3,1,1
BRDA:65,4,0,1
BRDA:65,4,1,1
BRDA:65,5,0,2
BRDA:65,5,1,1
BRDA:70,6,0,1
BRDA:70,6,1,0
BRDA:77,7,0,0
BRDA:77,7,1,2
BRDA:77,8,0,2
BRDA:77,8,1,0
BRDA:85,9,0,0
BRDA:85,9,1,2
BRDA:93,10,0,0
BRDA:93,10,1,2
BRDA:93,11,0,2
BRDA:93,11,1,0
BRF:24
BRH:17
end_of_record
TN:
SF:src\lib\validators.ts
FN:6,validateIBAN
FN:15,(anonymous_1)
FN:30,validateEGN
FN:36,(anonymous_3)
FN:37,(anonymous_4)
FN:43,isPositiveNumber
FNF:6
FNH:4
FNDA:0,validateIBAN
FNDA:0,(anonymous_1)
FNDA:2,validateEGN
FNDA:20,(anonymous_3)
FNDA:18,(anonymous_4)
FNDA:3,isPositiveNumber
DA:7,0
DA:8,0
DA:10,0
DA:12,0
DA:13,0
DA:16,0
DA:17,0
DA:18,0
DA:22,0
DA:23,0
DA:24,0
DA:25,0
DA:27,0
DA:31,2
DA:32,2
DA:33,2
DA:35,2
DA:36,20
DA:37,18
DA:38,2
DA:39,2
DA:40,2
DA:44,3
LF:23
LH:10
BRDA:7,0,0,0
BRDA:7,0,1,0
BRDA:10,1,0,0
BRDA:10,1,1,0
BRDA:17,2,0,0
BRDA:17,2,1,0
BRDA:17,3,0,0
BRDA:17,3,1,0
BRDA:31,4,0,0
BRDA:31,4,1,2
BRDA:33,5,0,0
BRDA:33,5,1,2
BRDA:39,6,0,0
BRDA:39,6,1,2
BRDA:44,7,0,3
BRDA:44,7,1,3
BRDA:44,7,2,3
BRF:17
BRH:6
end_of_record
